Release 14.7 - ngc2edif P.20131013 (nt64)
Copyright (c) 1995-2013 Xilinx, Inc.  All rights reserved.
Reading design finch.ngc ...
WARNING:NetListWriters:298 - No output is written to finch.xncf, ignored.
Processing design ...
   Preping design's networks ...
   Preping design's macros ...
  finished :Prep
Writing EDIF netlist file finch.edif ...
ngc2edif: Total memory usage is 4315176 kilobytes

Release 14.7 - ngc2edif P.20131013 (nt64)
Copyright (c) 1995-2013 Xilinx, Inc.  All rights reserved.
Reading design city0.ngc ...
WARNING:NetListWriters:298 - No output is written to city0.xncf, ignored.
Processing design ...
   Preping design's networks ...
   Preping design's macros ...
  finished :Prep
Writing EDIF netlist file city0.edif ...
ngc2edif: Total memory usage is 4314604 kilobytes

Release 14.7 - ngc2edif P.20131013 (nt64)
Copyright (c) 1995-2013 Xilinx, Inc.  All rights reserved.
Reading design city1.ngc ...
WARNING:NetListWriters:298 - No output is written to city1.xncf, ignored.
Processing design ...
   Preping design's networks ...
   Preping design's macros ...
  finished :Prep
Writing EDIF netlist file city1.edif ...
ngc2edif: Total memory usage is 4314604 kilobytes

Release 14.7 - ngc2edif P.20131013 (nt64)
Copyright (c) 1995-2013 Xilinx, Inc.  All rights reserved.
Reading design city2.ngc ...
WARNING:NetListWriters:298 - No output is written to city2.xncf, ignored.
Processing design ...
   Preping design's networks ...
   Preping design's macros ...
  finished :Prep
Writing EDIF netlist file city2.edif ...
ngc2edif: Total memory usage is 4314604 kilobytes

Release 14.7 - ngc2edif P.20131013 (nt64)
Copyright (c) 1995-2013 Xilinx, Inc.  All rights reserved.
Reading design city3.ngc ...
WARNING:NetListWriters:298 - No output is written to city3.xncf, ignored.
Processing design ...
   Preping design's networks ...
   Preping design's macros ...
  finished :Prep
Writing EDIF netlist file city3.edif ...
ngc2edif: Total memory usage is 4314604 kilobytes

Release 14.7 - ngc2edif P.20131013 (nt64)
Copyright (c) 1995-2013 Xilinx, Inc.  All rights reserved.
Reading design city4.ngc ...
WARNING:NetListWriters:298 - No output is written to city4.xncf, ignored.
Processing design ...
   Preping design's networks ...
   Preping design's macros ...
  finished :Prep
Writing EDIF netlist file city4.edif ...
ngc2edif: Total memory usage is 4314604 kilobytes

Release 14.7 - ngc2edif P.20131013 (nt64)
Copyright (c) 1995-2013 Xilinx, Inc.  All rights reserved.
Reading design city5.ngc ...
WARNING:NetListWriters:298 - No output is written to city5.xncf, ignored.
Processing design ...
   Preping design's networks ...
   Preping design's macros ...
  finished :Prep
Writing EDIF netlist file city5.edif ...
ngc2edif: Total memory usage is 4314604 kilobytes

Release 14.7 - ngc2edif P.20131013 (nt64)
Copyright (c) 1995-2013 Xilinx, Inc.  All rights reserved.
Reading design city6.ngc ...
WARNING:NetListWriters:298 - No output is written to city6.xncf, ignored.
Processing design ...
   Preping design's networks ...
   Preping design's macros ...
  finished :Prep
Writing EDIF netlist file city6.edif ...
ngc2edif: Total memory usage is 4314604 kilobytes

Release 14.7 - ngc2edif P.20131013 (nt64)
Copyright (c) 1995-2013 Xilinx, Inc.  All rights reserved.
Reading design city7.ngc ...
WARNING:NetListWriters:298 - No output is written to city7.xncf, ignored.
Processing design ...
   Preping design's networks ...
   Preping design's macros ...
  finished :Prep
Writing EDIF netlist file city7.edif ...
ngc2edif: Total memory usage is 4314604 kilobytes

Release 14.7 - ngc2edif P.20131013 (nt64)
Copyright (c) 1995-2013 Xilinx, Inc.  All rights reserved.
Reading design city0.ngc ...
WARNING:NetListWriters:298 - No output is written to city0.xncf, ignored.
Processing design ...
   Preping design's networks ...
   Preping design's macros ...
  finished :Prep
Writing EDIF netlist file city0.edif ...
ngc2edif: Total memory usage is 4310508 kilobytes

Release 14.7 - ngc2edif P.20131013 (nt64)
Copyright (c) 1995-2013 Xilinx, Inc.  All rights reserved.
Reading design city1.ngc ...
WARNING:NetListWriters:298 - No output is written to city1.xncf, ignored.
Processing design ...
   Preping design's networks ...
   Preping design's macros ...
  finished :Prep
Writing EDIF netlist file city1.edif ...
ngc2edif: Total memory usage is 4314604 kilobytes

Release 14.7 - ngc2edif P.20131013 (nt64)
Copyright (c) 1995-2013 Xilinx, Inc.  All rights reserved.
Reading design city2.ngc ...
WARNING:NetListWriters:298 - No output is written to city2.xncf, ignored.
Processing design ...
   Preping design's networks ...
   Preping design's macros ...
  finished :Prep
Writing EDIF netlist file city2.edif ...
ngc2edif: Total memory usage is 4314604 kilobytes

Release 14.7 - ngc2edif P.20131013 (nt64)
Copyright (c) 1995-2013 Xilinx, Inc.  All rights reserved.
Reading design city3.ngc ...
WARNING:NetListWriters:298 - No output is written to city3.xncf, ignored.
Processing design ...
   Preping design's networks ...
   Preping design's macros ...
  finished :Prep
Writing EDIF netlist file city3.edif ...
ngc2edif: Total memory usage is 4314604 kilobytes

Release 14.7 - ngc2edif P.20131013 (nt64)
Copyright (c) 1995-2013 Xilinx, Inc.  All rights reserved.
Reading design city4.ngc ...
WARNING:NetListWriters:298 - No output is written to city4.xncf, ignored.
Processing design ...
   Preping design's networks ...
   Preping design's macros ...
  finished :Prep
Writing EDIF netlist file city4.edif ...
ngc2edif: Total memory usage is 4314604 kilobytes

Release 14.7 - ngc2edif P.20131013 (nt64)
Copyright (c) 1995-2013 Xilinx, Inc.  All rights reserved.
Reading design city5.ngc ...
WARNING:NetListWriters:298 - No output is written to city5.xncf, ignored.
Processing design ...
   Preping design's networks ...
   Preping design's macros ...
  finished :Prep
Writing EDIF netlist file city5.edif ...
ngc2edif: Total memory usage is 4314604 kilobytes

Release 14.7 - ngc2edif P.20131013 (nt64)
Copyright (c) 1995-2013 Xilinx, Inc.  All rights reserved.
Reading design city0.ngc ...
WARNING:NetListWriters:298 - No output is written to city0.xncf, ignored.
Processing design ...
   Preping design's networks ...
   Preping design's macros ...
  finished :Prep
Writing EDIF netlist file city0.edif ...
ngc2edif: Total memory usage is 4310508 kilobytes

Release 14.7 - ngc2edif P.20131013 (nt64)
Copyright (c) 1995-2013 Xilinx, Inc.  All rights reserved.
Reading design city1.ngc ...
WARNING:NetListWriters:298 - No output is written to city1.xncf, ignored.
Processing design ...
   Preping design's networks ...
   Preping design's macros ...
  finished :Prep
Writing EDIF netlist file city1.edif ...
ngc2edif: Total memory usage is 4314604 kilobytes

Release 14.7 - ngc2edif P.20131013 (nt64)
Copyright (c) 1995-2013 Xilinx, Inc.  All rights reserved.
Reading design city2.ngc ...
WARNING:NetListWriters:298 - No output is written to city2.xncf, ignored.
Processing design ...
   Preping design's networks ...
   Preping design's macros ...
  finished :Prep
Writing EDIF netlist file city2.edif ...
ngc2edif: Total memory usage is 4314604 kilobytes

Release 14.7 - ngc2edif P.20131013 (nt64)
Copyright (c) 1995-2013 Xilinx, Inc.  All rights reserved.
Reading design city3.ngc ...
WARNING:NetListWriters:298 - No output is written to city3.xncf, ignored.
Processing design ...
   Preping design's networks ...
   Preping design's macros ...
  finished :Prep
Writing EDIF netlist file city3.edif ...
ngc2edif: Total memory usage is 4314604 kilobytes

Release 14.7 - ngc2edif P.20131013 (nt64)
Copyright (c) 1995-2013 Xilinx, Inc.  All rights reserved.
Reading design city4.ngc ...
WARNING:NetListWriters:298 - No output is written to city4.xncf, ignored.
Processing design ...
   Preping design's networks ...
   Preping design's macros ...
  finished :Prep
Writing EDIF netlist file city4.edif ...
ngc2edif: Total memory usage is 4314604 kilobytes

Release 14.7 - ngc2edif P.20131013 (nt64)
Copyright (c) 1995-2013 Xilinx, Inc.  All rights reserved.
Reading design city5.ngc ...
WARNING:NetListWriters:298 - No output is written to city5.xncf, ignored.
Processing design ...
   Preping design's networks ...
   Preping design's macros ...
  finished :Prep
Writing EDIF netlist file city5.edif ...
ngc2edif: Total memory usage is 4314604 kilobytes

Release 14.7 - ngc2edif P.20131013 (nt64)
Copyright (c) 1995-2013 Xilinx, Inc.  All rights reserved.
Reading design city0.ngc ...
WARNING:NetListWriters:298 - No output is written to city0.xncf, ignored.
Processing design ...
   Preping design's networks ...
   Preping design's macros ...
  finished :Prep
Writing EDIF netlist file city0.edif ...
ngc2edif: Total memory usage is 4314604 kilobytes

Release 14.7 - ngc2edif P.20131013 (nt64)
Copyright (c) 1995-2013 Xilinx, Inc.  All rights reserved.
Reading design city1.ngc ...
WARNING:NetListWriters:298 - No output is written to city1.xncf, ignored.
Processing design ...
   Preping design's networks ...
   Preping design's macros ...
  finished :Prep
Writing EDIF netlist file city1.edif ...
ngc2edif: Total memory usage is 4314604 kilobytes

Release 14.7 - ngc2edif P.20131013 (nt64)
Copyright (c) 1995-2013 Xilinx, Inc.  All rights reserved.
Reading design city2.ngc ...
WARNING:NetListWriters:298 - No output is written to city2.xncf, ignored.
Processing design ...
   Preping design's networks ...
   Preping design's macros ...
  finished :Prep
Writing EDIF netlist file city2.edif ...
ngc2edif: Total memory usage is 4314604 kilobytes

Release 14.7 - ngc2edif P.20131013 (nt64)
Copyright (c) 1995-2013 Xilinx, Inc.  All rights reserved.
Reading design city3.ngc ...
WARNING:NetListWriters:298 - No output is written to city3.xncf, ignored.
Processing design ...
   Preping design's networks ...
   Preping design's macros ...
  finished :Prep
Writing EDIF netlist file city3.edif ...
ngc2edif: Total memory usage is 4314604 kilobytes

Release 14.7 - ngc2edif P.20131013 (nt64)
Copyright (c) 1995-2013 Xilinx, Inc.  All rights reserved.
Reading design city4.ngc ...
WARNING:NetListWriters:298 - No output is written to city4.xncf, ignored.
Processing design ...
   Preping design's networks ...
   Preping design's macros ...
  finished :Prep
Writing EDIF netlist file city4.edif ...
ngc2edif: Total memory usage is 4314604 kilobytes

Release 14.7 - ngc2edif P.20131013 (nt64)
Copyright (c) 1995-2013 Xilinx, Inc.  All rights reserved.
Reading design city5.ngc ...
WARNING:NetListWriters:298 - No output is written to city5.xncf, ignored.
Processing design ...
   Preping design's networks ...
   Preping design's macros ...
  finished :Prep
Writing EDIF netlist file city5.edif ...
ngc2edif: Total memory usage is 4314604 kilobytes

Release 14.7 - ngc2edif P.20131013 (nt64)
Copyright (c) 1995-2013 Xilinx, Inc.  All rights reserved.
Reading design city0.ngc ...
WARNING:NetListWriters:298 - No output is written to city0.xncf, ignored.
Processing design ...
   Preping design's networks ...
   Preping design's macros ...
  finished :Prep
Writing EDIF netlist file city0.edif ...
ngc2edif: Total memory usage is 4314604 kilobytes

Release 14.7 - ngc2edif P.20131013 (nt64)
Copyright (c) 1995-2013 Xilinx, Inc.  All rights reserved.
Reading design city1.ngc ...
WARNING:NetListWriters:298 - No output is written to city1.xncf, ignored.
Processing design ...
   Preping design's networks ...
   Preping design's macros ...
  finished :Prep
Writing EDIF netlist file city1.edif ...
ngc2edif: Total memory usage is 4314604 kilobytes

Release 14.7 - ngc2edif P.20131013 (nt64)
Copyright (c) 1995-2013 Xilinx, Inc.  All rights reserved.
Reading design city2.ngc ...
WARNING:NetListWriters:298 - No output is written to city2.xncf, ignored.
Processing design ...
   Preping design's networks ...
   Preping design's macros ...
  finished :Prep
Writing EDIF netlist file city2.edif ...
ngc2edif: Total memory usage is 4314604 kilobytes

Release 14.7 - ngc2edif P.20131013 (nt64)
Copyright (c) 1995-2013 Xilinx, Inc.  All rights reserved.
Reading design city3.ngc ...
WARNING:NetListWriters:298 - No output is written to city3.xncf, ignored.
Processing design ...
   Preping design's networks ...
   Preping design's macros ...
  finished :Prep
Writing EDIF netlist file city3.edif ...
ngc2edif: Total memory usage is 4314604 kilobytes

Release 14.7 - ngc2edif P.20131013 (nt64)
Copyright (c) 1995-2013 Xilinx, Inc.  All rights reserved.
Reading design city4.ngc ...
WARNING:NetListWriters:298 - No output is written to city4.xncf, ignored.
Processing design ...
   Preping design's networks ...
   Preping design's macros ...
  finished :Prep
Writing EDIF netlist file city4.edif ...
ngc2edif: Total memory usage is 4314604 kilobytes

Release 14.7 - ngc2edif P.20131013 (nt64)
Copyright (c) 1995-2013 Xilinx, Inc.  All rights reserved.
Reading design city5.ngc ...
WARNING:NetListWriters:298 - No output is written to city5.xncf, ignored.
Processing design ...
   Preping design's networks ...
   Preping design's macros ...
  finished :Prep
Writing EDIF netlist file city5.edif ...
ngc2edif: Total memory usage is 4314604 kilobytes

Release 14.7 - ngc2edif P.20131013 (nt64)
Copyright (c) 1995-2013 Xilinx, Inc.  All rights reserved.
Reading design city0.ngc ...
WARNING:NetListWriters:298 - No output is written to city0.xncf, ignored.
Processing design ...
   Preping design's networks ...
   Preping design's macros ...
  finished :Prep
Writing EDIF netlist file city0.edif ...
ngc2edif: Total memory usage is 4314604 kilobytes

Release 14.7 - ngc2edif P.20131013 (nt64)
Copyright (c) 1995-2013 Xilinx, Inc.  All rights reserved.
Reading design city1.ngc ...
WARNING:NetListWriters:298 - No output is written to city1.xncf, ignored.
Processing design ...
   Preping design's networks ...
   Preping design's macros ...
  finished :Prep
Writing EDIF netlist file city1.edif ...
ngc2edif: Total memory usage is 4314604 kilobytes

Release 14.7 - ngc2edif P.20131013 (nt64)
Copyright (c) 1995-2013 Xilinx, Inc.  All rights reserved.
Reading design city2.ngc ...
WARNING:NetListWriters:298 - No output is written to city2.xncf, ignored.
Processing design ...
   Preping design's networks ...
   Preping design's macros ...
  finished :Prep
Writing EDIF netlist file city2.edif ...
ngc2edif: Total memory usage is 4314604 kilobytes

Release 14.7 - ngc2edif P.20131013 (nt64)
Copyright (c) 1995-2013 Xilinx, Inc.  All rights reserved.
Reading design city3.ngc ...
WARNING:NetListWriters:298 - No output is written to city3.xncf, ignored.
Processing design ...
   Preping design's networks ...
   Preping design's macros ...
  finished :Prep
Writing EDIF netlist file city3.edif ...
ngc2edif: Total memory usage is 4314604 kilobytes

Release 14.7 - ngc2edif P.20131013 (nt64)
Copyright (c) 1995-2013 Xilinx, Inc.  All rights reserved.
Reading design city4.ngc ...
WARNING:NetListWriters:298 - No output is written to city4.xncf, ignored.
Processing design ...
   Preping design's networks ...
   Preping design's macros ...
  finished :Prep
Writing EDIF netlist file city4.edif ...
ngc2edif: Total memory usage is 4314604 kilobytes

Release 14.7 - ngc2edif P.20131013 (nt64)
Copyright (c) 1995-2013 Xilinx, Inc.  All rights reserved.
Reading design city5.ngc ...
WARNING:NetListWriters:298 - No output is written to city5.xncf, ignored.
Processing design ...
   Preping design's networks ...
   Preping design's macros ...
  finished :Prep
Writing EDIF netlist file city5.edif ...
ngc2edif: Total memory usage is 4314604 kilobytes

Release 14.7 - ngc2edif P.20131013 (nt64)
Copyright (c) 1995-2013 Xilinx, Inc.  All rights reserved.
Reading design city0.ngc ...
WARNING:NetListWriters:298 - No output is written to city0.xncf, ignored.
Processing design ...
   Preping design's networks ...
   Preping design's macros ...
  finished :Prep
Writing EDIF netlist file city0.edif ...
ngc2edif: Total memory usage is 4314604 kilobytes

Release 14.7 - ngc2edif P.20131013 (nt64)
Copyright (c) 1995-2013 Xilinx, Inc.  All rights reserved.
Reading design city1.ngc ...
WARNING:NetListWriters:298 - No output is written to city1.xncf, ignored.
Processing design ...
   Preping design's networks ...
   Preping design's macros ...
  finished :Prep
Writing EDIF netlist file city1.edif ...
ngc2edif: Total memory usage is 4314604 kilobytes

Release 14.7 - ngc2edif P.20131013 (nt64)
Copyright (c) 1995-2013 Xilinx, Inc.  All rights reserved.
Reading design city2.ngc ...
WARNING:NetListWriters:298 - No output is written to city2.xncf, ignored.
Processing design ...
   Preping design's networks ...
   Preping design's macros ...
  finished :Prep
Writing EDIF netlist file city2.edif ...
ngc2edif: Total memory usage is 4314604 kilobytes

Release 14.7 - ngc2edif P.20131013 (nt64)
Copyright (c) 1995-2013 Xilinx, Inc.  All rights reserved.
Reading design city3.ngc ...
WARNING:NetListWriters:298 - No output is written to city3.xncf, ignored.
Processing design ...
   Preping design's networks ...
   Preping design's macros ...
  finished :Prep
Writing EDIF netlist file city3.edif ...
ngc2edif: Total memory usage is 4314604 kilobytes

Release 14.7 - ngc2edif P.20131013 (nt64)
Copyright (c) 1995-2013 Xilinx, Inc.  All rights reserved.
Reading design city4.ngc ...
WARNING:NetListWriters:298 - No output is written to city4.xncf, ignored.
Processing design ...
   Preping design's networks ...
   Preping design's macros ...
  finished :Prep
Writing EDIF netlist file city4.edif ...
ngc2edif: Total memory usage is 4314604 kilobytes

Release 14.7 - ngc2edif P.20131013 (nt64)
Copyright (c) 1995-2013 Xilinx, Inc.  All rights reserved.
Reading design city5.ngc ...
WARNING:NetListWriters:298 - No output is written to city5.xncf, ignored.
Processing design ...
   Preping design's networks ...
   Preping design's macros ...
  finished :Prep
Writing EDIF netlist file city5.edif ...
ngc2edif: Total memory usage is 4314604 kilobytes

Release 14.7 - ngc2edif P.20131013 (nt64)
Copyright (c) 1995-2013 Xilinx, Inc.  All rights reserved.
Reading design city0.ngc ...
WARNING:NetListWriters:298 - No output is written to city0.xncf, ignored.
Processing design ...
   Preping design's networks ...
   Preping design's macros ...
  finished :Prep
Writing EDIF netlist file city0.edif ...
ngc2edif: Total memory usage is 4314604 kilobytes

Release 14.7 - ngc2edif P.20131013 (nt64)
Copyright (c) 1995-2013 Xilinx, Inc.  All rights reserved.
Reading design city1.ngc ...
WARNING:NetListWriters:298 - No output is written to city1.xncf, ignored.
Processing design ...
   Preping design's networks ...
   Preping design's macros ...
  finished :Prep
Writing EDIF netlist file city1.edif ...
ngc2edif: Total memory usage is 4314604 kilobytes

Release 14.7 - ngc2edif P.20131013 (nt64)
Copyright (c) 1995-2013 Xilinx, Inc.  All rights reserved.
Reading design city2.ngc ...
WARNING:NetListWriters:298 - No output is written to city2.xncf, ignored.
Processing design ...
   Preping design's networks ...
   Preping design's macros ...
  finished :Prep
Writing EDIF netlist file city2.edif ...
ngc2edif: Total memory usage is 4314604 kilobytes

Release 14.7 - ngc2edif P.20131013 (nt64)
Copyright (c) 1995-2013 Xilinx, Inc.  All rights reserved.
Reading design city3.ngc ...
WARNING:NetListWriters:298 - No output is written to city3.xncf, ignored.
Processing design ...
   Preping design's networks ...
   Preping design's macros ...
  finished :Prep
Writing EDIF netlist file city3.edif ...
ngc2edif: Total memory usage is 4314604 kilobytes

Release 14.7 - ngc2edif P.20131013 (nt64)
Copyright (c) 1995-2013 Xilinx, Inc.  All rights reserved.
Reading design city4.ngc ...
WARNING:NetListWriters:298 - No output is written to city4.xncf, ignored.
Processing design ...
   Preping design's networks ...
   Preping design's macros ...
  finished :Prep
Writing EDIF netlist file city4.edif ...
ngc2edif: Total memory usage is 4314604 kilobytes

Release 14.7 - ngc2edif P.20131013 (nt64)
Copyright (c) 1995-2013 Xilinx, Inc.  All rights reserved.
Reading design city5.ngc ...
WARNING:NetListWriters:298 - No output is written to city5.xncf, ignored.
Processing design ...
   Preping design's networks ...
   Preping design's macros ...
  finished :Prep
Writing EDIF netlist file city5.edif ...
ngc2edif: Total memory usage is 4314604 kilobytes

Release 14.7 - ngc2edif P.20131013 (nt64)
Copyright (c) 1995-2013 Xilinx, Inc.  All rights reserved.
Reading design city0.ngc ...
WARNING:NetListWriters:298 - No output is written to city0.xncf, ignored.
Processing design ...
   Preping design's networks ...
   Preping design's macros ...
  finished :Prep
Writing EDIF netlist file city0.edif ...
ngc2edif: Total memory usage is 4314604 kilobytes

Release 14.7 - ngc2edif P.20131013 (nt64)
Copyright (c) 1995-2013 Xilinx, Inc.  All rights reserved.
Reading design city1.ngc ...
WARNING:NetListWriters:298 - No output is written to city1.xncf, ignored.
Processing design ...
   Preping design's networks ...
   Preping design's macros ...
  finished :Prep
Writing EDIF netlist file city1.edif ...
ngc2edif: Total memory usage is 4314604 kilobytes

Release 14.7 - ngc2edif P.20131013 (nt64)
Copyright (c) 1995-2013 Xilinx, Inc.  All rights reserved.
Reading design city2.ngc ...
WARNING:NetListWriters:298 - No output is written to city2.xncf, ignored.
Processing design ...
   Preping design's networks ...
   Preping design's macros ...
  finished :Prep
Writing EDIF netlist file city2.edif ...
ngc2edif: Total memory usage is 4314604 kilobytes

Release 14.7 - ngc2edif P.20131013 (nt64)
Copyright (c) 1995-2013 Xilinx, Inc.  All rights reserved.
Reading design city3.ngc ...
WARNING:NetListWriters:298 - No output is written to city3.xncf, ignored.
Processing design ...
   Preping design's networks ...
   Preping design's macros ...
  finished :Prep
Writing EDIF netlist file city3.edif ...
ngc2edif: Total memory usage is 4314604 kilobytes

Release 14.7 - ngc2edif P.20131013 (nt64)
Copyright (c) 1995-2013 Xilinx, Inc.  All rights reserved.
Reading design city4.ngc ...
WARNING:NetListWriters:298 - No output is written to city4.xncf, ignored.
Processing design ...
   Preping design's networks ...
   Preping design's macros ...
  finished :Prep
Writing EDIF netlist file city4.edif ...
ngc2edif: Total memory usage is 4314604 kilobytes

Release 14.7 - ngc2edif P.20131013 (nt64)
Copyright (c) 1995-2013 Xilinx, Inc.  All rights reserved.
Reading design city5.ngc ...
WARNING:NetListWriters:298 - No output is written to city5.xncf, ignored.
Processing design ...
   Preping design's networks ...
   Preping design's macros ...
  finished :Prep
Writing EDIF netlist file city5.edif ...
ngc2edif: Total memory usage is 4314604 kilobytes

Release 14.7 - ngc2edif P.20131013 (nt64)
Copyright (c) 1995-2013 Xilinx, Inc.  All rights reserved.
Reading design city0.ngc ...
WARNING:NetListWriters:298 - No output is written to city0.xncf, ignored.
Processing design ...
   Preping design's networks ...
   Preping design's macros ...
  finished :Prep
Writing EDIF netlist file city0.edif ...
ngc2edif: Total memory usage is 4314604 kilobytes

Release 14.7 - ngc2edif P.20131013 (nt64)
Copyright (c) 1995-2013 Xilinx, Inc.  All rights reserved.
Reading design city1.ngc ...
WARNING:NetListWriters:298 - No output is written to city1.xncf, ignored.
Processing design ...
   Preping design's networks ...
   Preping design's macros ...
  finished :Prep
Writing EDIF netlist file city1.edif ...
ngc2edif: Total memory usage is 4314604 kilobytes

Release 14.7 - ngc2edif P.20131013 (nt64)
Copyright (c) 1995-2013 Xilinx, Inc.  All rights reserved.
Reading design city2.ngc ...
WARNING:NetListWriters:298 - No output is written to city2.xncf, ignored.
Processing design ...
   Preping design's networks ...
   Preping design's macros ...
  finished :Prep
Writing EDIF netlist file city2.edif ...
ngc2edif: Total memory usage is 4314604 kilobytes

Release 14.7 - ngc2edif P.20131013 (nt64)
Copyright (c) 1995-2013 Xilinx, Inc.  All rights reserved.
Reading design city3.ngc ...
WARNING:NetListWriters:298 - No output is written to city3.xncf, ignored.
Processing design ...
   Preping design's networks ...
   Preping design's macros ...
  finished :Prep
Writing EDIF netlist file city3.edif ...
ngc2edif: Total memory usage is 4314604 kilobytes

Release 14.7 - ngc2edif P.20131013 (nt64)
Copyright (c) 1995-2013 Xilinx, Inc.  All rights reserved.
Reading design city4.ngc ...
WARNING:NetListWriters:298 - No output is written to city4.xncf, ignored.
Processing design ...
   Preping design's networks ...
   Preping design's macros ...
  finished :Prep
Writing EDIF netlist file city4.edif ...
ngc2edif: Total memory usage is 4314604 kilobytes

Release 14.7 - ngc2edif P.20131013 (nt64)
Copyright (c) 1995-2013 Xilinx, Inc.  All rights reserved.
Reading design city5.ngc ...
WARNING:NetListWriters:298 - No output is written to city5.xncf, ignored.
Processing design ...
   Preping design's networks ...
   Preping design's macros ...
  finished :Prep
Writing EDIF netlist file city5.edif ...
ngc2edif: Total memory usage is 4314604 kilobytes

Release 14.7 - ngc2edif P.20131013 (nt64)
Copyright (c) 1995-2013 Xilinx, Inc.  All rights reserved.
Reading design city0.ngc ...
WARNING:NetListWriters:298 - No output is written to city0.xncf, ignored.
Processing design ...
   Preping design's networks ...
   Preping design's macros ...
  finished :Prep
Writing EDIF netlist file city0.edif ...
ngc2edif: Total memory usage is 4314604 kilobytes

Release 14.7 - ngc2edif P.20131013 (nt64)
Copyright (c) 1995-2013 Xilinx, Inc.  All rights reserved.
Reading design city1.ngc ...
WARNING:NetListWriters:298 - No output is written to city1.xncf, ignored.
Processing design ...
   Preping design's networks ...
   Preping design's macros ...
  finished :Prep
Writing EDIF netlist file city1.edif ...
ngc2edif: Total memory usage is 4314604 kilobytes

Release 14.7 - ngc2edif P.20131013 (nt64)
Copyright (c) 1995-2013 Xilinx, Inc.  All rights reserved.
Reading design city2.ngc ...
WARNING:NetListWriters:298 - No output is written to city2.xncf, ignored.
Processing design ...
   Preping design's networks ...
   Preping design's macros ...
  finished :Prep
Writing EDIF netlist file city2.edif ...
ngc2edif: Total memory usage is 4314604 kilobytes

Release 14.7 - ngc2edif P.20131013 (nt64)
Copyright (c) 1995-2013 Xilinx, Inc.  All rights reserved.
Reading design city3.ngc ...
WARNING:NetListWriters:298 - No output is written to city3.xncf, ignored.
Processing design ...
   Preping design's networks ...
   Preping design's macros ...
  finished :Prep
Writing EDIF netlist file city3.edif ...
ngc2edif: Total memory usage is 4314604 kilobytes

Release 14.7 - ngc2edif P.20131013 (nt64)
Copyright (c) 1995-2013 Xilinx, Inc.  All rights reserved.
Reading design city4.ngc ...
WARNING:NetListWriters:298 - No output is written to city4.xncf, ignored.
Processing design ...
   Preping design's networks ...
   Preping design's macros ...
  finished :Prep
Writing EDIF netlist file city4.edif ...
ngc2edif: Total memory usage is 4314604 kilobytes

Release 14.7 - ngc2edif P.20131013 (nt64)
Copyright (c) 1995-2013 Xilinx, Inc.  All rights reserved.
Reading design city5.ngc ...
WARNING:NetListWriters:298 - No output is written to city5.xncf, ignored.
Processing design ...
   Preping design's networks ...
   Preping design's macros ...
  finished :Prep
Writing EDIF netlist file city5.edif ...
ngc2edif: Total memory usage is 4314604 kilobytes

Release 14.7 - ngc2edif P.20131013 (nt64)
Copyright (c) 1995-2013 Xilinx, Inc.  All rights reserved.
Reading design city0.ngc ...
WARNING:NetListWriters:298 - No output is written to city0.xncf, ignored.
Processing design ...
   Preping design's networks ...
   Preping design's macros ...
  finished :Prep
Writing EDIF netlist file city0.edif ...
ngc2edif: Total memory usage is 4314604 kilobytes

Release 14.7 - ngc2edif P.20131013 (nt64)
Copyright (c) 1995-2013 Xilinx, Inc.  All rights reserved.
Reading design city1.ngc ...
WARNING:NetListWriters:298 - No output is written to city1.xncf, ignored.
Processing design ...
   Preping design's networks ...
   Preping design's macros ...
  finished :Prep
Writing EDIF netlist file city1.edif ...
ngc2edif: Total memory usage is 4314604 kilobytes

Release 14.7 - ngc2edif P.20131013 (nt64)
Copyright (c) 1995-2013 Xilinx, Inc.  All rights reserved.
Reading design city2.ngc ...
WARNING:NetListWriters:298 - No output is written to city2.xncf, ignored.
Processing design ...
   Preping design's networks ...
   Preping design's macros ...
  finished :Prep
Writing EDIF netlist file city2.edif ...
ngc2edif: Total memory usage is 4314604 kilobytes

Release 14.7 - ngc2edif P.20131013 (nt64)
Copyright (c) 1995-2013 Xilinx, Inc.  All rights reserved.
Reading design city3.ngc ...
WARNING:NetListWriters:298 - No output is written to city3.xncf, ignored.
Processing design ...
   Preping design's networks ...
   Preping design's macros ...
  finished :Prep
Writing EDIF netlist file city3.edif ...
ngc2edif: Total memory usage is 4314604 kilobytes

Release 14.7 - ngc2edif P.20131013 (nt64)
Copyright (c) 1995-2013 Xilinx, Inc.  All rights reserved.
Reading design city4.ngc ...
WARNING:NetListWriters:298 - No output is written to city4.xncf, ignored.
Processing design ...
   Preping design's networks ...
   Preping design's macros ...
  finished :Prep
Writing EDIF netlist file city4.edif ...
ngc2edif: Total memory usage is 4314604 kilobytes

Release 14.7 - ngc2edif P.20131013 (nt64)
Copyright (c) 1995-2013 Xilinx, Inc.  All rights reserved.
Reading design city5.ngc ...
WARNING:NetListWriters:298 - No output is written to city5.xncf, ignored.
Processing design ...
   Preping design's networks ...
   Preping design's macros ...
  finished :Prep
Writing EDIF netlist file city5.edif ...
ngc2edif: Total memory usage is 4314604 kilobytes

