--------------------------------------------------------------------------------
Release 14.7 Trace  (nt64)
Copyright (c) 1995-2013 Xilinx, Inc.  All rights reserved.

C:\Xilinx\14.7\ISE_DS\ISE\bin\nt64\unwrapped\trce.exe -intstyle ise -v 3 -s 3
-n 3 -fastpaths -xml TopLevel.twx TopLevel.ncd -o TopLevel.twr TopLevel.pcf
-ucf TopLevel.ucf

Design file:              TopLevel.ncd
Physical constraint file: TopLevel.pcf
Device,package,speed:     xc6slx9,tqg144,C,-3 (PRODUCTION 1.23 2013-10-13)
Report level:             verbose report

Environment Variable      Effect 
--------------------      ------ 
NONE                      No environment variables were set
--------------------------------------------------------------------------------

INFO:Timing:2698 - No timing constraints found, doing default enumeration.
INFO:Timing:3412 - To improve timing, see the Timing Closure User Guide (UG612).
INFO:Timing:2752 - To get complete path coverage, use the unconstrained paths 
   option. All paths that are not constrained will be reported in the 
   unconstrained paths section(s) of the report.
INFO:Timing:3339 - The clock-to-out numbers in this timing report are based on 
   a 50 Ohm transmission line loading model.  For the details of this model, 
   and for more information on accounting for different loading conditions, 
   please see the device datasheet.



Data Sheet report:
-----------------
All values displayed in nanoseconds (ns)

Setup/Hold to clock I_BUT
------------+------------+------------+------------+------------+------------------+--------+
            |Max Setup to|  Process   |Max Hold to |  Process   |                  | Clock  |
Source      | clk (edge) |   Corner   | clk (edge) |   Corner   |Internal Clock(s) | Phase  |
------------+------------+------------+------------+------------+------------------+--------+
PM_SW       |    2.005(R)|      SLOW  |    0.399(R)|      SLOW  |XLXN_384          |   0.000|
PM_SW_SAFE  |    1.775(R)|      SLOW  |    0.619(R)|      SLOW  |XLXN_384          |   0.000|
------------+------------+------------+------------+------------+------------------+--------+

Setup/Hold to clock I_BUT_SAFE
------------+------------+------------+------------+------------+------------------+--------+
            |Max Setup to|  Process   |Max Hold to |  Process   |                  | Clock  |
Source      | clk (edge) |   Corner   | clk (edge) |   Corner   |Internal Clock(s) | Phase  |
------------+------------+------------+------------+------------+------------------+--------+
PM_SW       |    1.517(R)|      SLOW  |    0.911(R)|      SLOW  |XLXN_384          |   0.000|
PM_SW_SAFE  |    1.287(R)|      SLOW  |    1.131(R)|      SLOW  |XLXN_384          |   0.000|
------------+------------+------------+------------+------------+------------------+--------+

Clock I_BUT to Pad
--------------+-----------------+------------+-----------------+------------+------------------+--------+
              |Max (slowest) clk|  Process   |Min (fastest) clk|  Process   |                  | Clock  |
Destination   |  (edge) to PAD  |   Corner   |  (edge) to PAD  |   Corner   |Internal Clock(s) | Phase  |
--------------+-----------------+------------+-----------------+------------+------------------+--------+
COLOR_VALUE<0>|        10.898(R)|      SLOW  |         6.083(R)|      FAST  |XLXN_384          |   0.000|
COLOR_VALUE<1>|        10.749(R)|      SLOW  |         6.050(R)|      FAST  |XLXN_384          |   0.000|
COLOR_VALUE<2>|        10.775(R)|      SLOW  |         6.026(R)|      FAST  |XLXN_384          |   0.000|
COLOR_VALUE<3>|        10.942(R)|      SLOW  |         6.138(R)|      FAST  |XLXN_384          |   0.000|
COLOR_VALUE<4>|        12.059(R)|      SLOW  |         6.770(R)|      FAST  |XLXN_384          |   0.000|
COLOR_VALUE<5>|        12.230(R)|      SLOW  |         6.733(R)|      FAST  |XLXN_384          |   0.000|
COLOR_VALUE<6>|        11.684(R)|      SLOW  |         6.510(R)|      FAST  |XLXN_384          |   0.000|
COLOR_VALUE<7>|        11.930(R)|      SLOW  |         6.492(R)|      FAST  |XLXN_384          |   0.000|
POS<0>        |        10.964(R)|      SLOW  |         6.317(R)|      FAST  |XLXN_384          |   0.000|
POS<1>        |        11.386(R)|      SLOW  |         6.583(R)|      FAST  |XLXN_384          |   0.000|
POS<2>        |        11.320(R)|      SLOW  |         6.487(R)|      FAST  |XLXN_384          |   0.000|
--------------+-----------------+------------+-----------------+------------+------------------+--------+

Clock I_BUT_SAFE to Pad
--------------+-----------------+------------+-----------------+------------+------------------+--------+
              |Max (slowest) clk|  Process   |Min (fastest) clk|  Process   |                  | Clock  |
Destination   |  (edge) to PAD  |   Corner   |  (edge) to PAD  |   Corner   |Internal Clock(s) | Phase  |
--------------+-----------------+------------+-----------------+------------+------------------+--------+
COLOR_VALUE<0>|        11.410(R)|      SLOW  |         6.487(R)|      FAST  |XLXN_384          |   0.000|
COLOR_VALUE<1>|        11.261(R)|      SLOW  |         6.454(R)|      FAST  |XLXN_384          |   0.000|
COLOR_VALUE<2>|        11.287(R)|      SLOW  |         6.430(R)|      FAST  |XLXN_384          |   0.000|
COLOR_VALUE<3>|        11.454(R)|      SLOW  |         6.542(R)|      FAST  |XLXN_384          |   0.000|
COLOR_VALUE<4>|        12.571(R)|      SLOW  |         7.174(R)|      FAST  |XLXN_384          |   0.000|
COLOR_VALUE<5>|        12.742(R)|      SLOW  |         7.137(R)|      FAST  |XLXN_384          |   0.000|
COLOR_VALUE<6>|        12.196(R)|      SLOW  |         6.914(R)|      FAST  |XLXN_384          |   0.000|
COLOR_VALUE<7>|        12.442(R)|      SLOW  |         6.896(R)|      FAST  |XLXN_384          |   0.000|
POS<0>        |        11.476(R)|      SLOW  |         6.721(R)|      FAST  |XLXN_384          |   0.000|
POS<1>        |        11.898(R)|      SLOW  |         6.987(R)|      FAST  |XLXN_384          |   0.000|
POS<2>        |        11.832(R)|      SLOW  |         6.891(R)|      FAST  |XLXN_384          |   0.000|
--------------+-----------------+------------+-----------------+------------+------------------+--------+

Clock PAUSE_BUT to Pad
------------+-----------------+------------+-----------------+------------+------------------+--------+
            |Max (slowest) clk|  Process   |Min (fastest) clk|  Process   |                  | Clock  |
Destination |  (edge) to PAD  |   Corner   |  (edge) to PAD  |   Corner   |Internal Clock(s) | Phase  |
------------+-----------------+------------+-----------------+------------+------------------+--------+
PAUSE_OUT   |        10.596(R)|      SLOW  |         6.308(R)|      FAST  |XLXN_485          |   0.000|
------------+-----------------+------------+-----------------+------------+------------------+--------+

Clock PAUSE_BUT_SAFE to Pad
------------+-----------------+------------+-----------------+------------+------------------+--------+
            |Max (slowest) clk|  Process   |Min (fastest) clk|  Process   |                  | Clock  |
Destination |  (edge) to PAD  |   Corner   |  (edge) to PAD  |   Corner   |Internal Clock(s) | Phase  |
------------+-----------------+------------+-----------------+------------+------------------+--------+
PAUSE_OUT   |        11.434(R)|      SLOW  |         6.813(R)|      FAST  |XLXN_485          |   0.000|
------------+-----------------+------------+-----------------+------------+------------------+--------+

Clock to Setup on destination clock I_BUT
---------------+---------+---------+---------+---------+
               | Src:Rise| Src:Fall| Src:Rise| Src:Fall|
Source Clock   |Dest:Rise|Dest:Rise|Dest:Fall|Dest:Fall|
---------------+---------+---------+---------+---------+
I_BUT          |    2.495|         |         |         |
I_BUT_SAFE     |    2.495|         |         |         |
---------------+---------+---------+---------+---------+

Clock to Setup on destination clock I_BUT_SAFE
---------------+---------+---------+---------+---------+
               | Src:Rise| Src:Fall| Src:Rise| Src:Fall|
Source Clock   |Dest:Rise|Dest:Rise|Dest:Fall|Dest:Fall|
---------------+---------+---------+---------+---------+
I_BUT          |    2.495|         |         |         |
I_BUT_SAFE     |    2.495|         |         |         |
---------------+---------+---------+---------+---------+

Clock to Setup on destination clock OSC
---------------+---------+---------+---------+---------+
               | Src:Rise| Src:Fall| Src:Rise| Src:Fall|
Source Clock   |Dest:Rise|Dest:Rise|Dest:Fall|Dest:Fall|
---------------+---------+---------+---------+---------+
OSC            |    0.898|         |         |    1.265|
---------------+---------+---------+---------+---------+

Clock to Setup on destination clock PAUSE_BUT
---------------+---------+---------+---------+---------+
               | Src:Rise| Src:Fall| Src:Rise| Src:Fall|
Source Clock   |Dest:Rise|Dest:Rise|Dest:Fall|Dest:Fall|
---------------+---------+---------+---------+---------+
PAUSE_BUT      |    0.920|         |         |         |
PAUSE_BUT_SAFE |    0.920|         |         |         |
---------------+---------+---------+---------+---------+

Clock to Setup on destination clock PAUSE_BUT_SAFE
---------------+---------+---------+---------+---------+
               | Src:Rise| Src:Fall| Src:Rise| Src:Fall|
Source Clock   |Dest:Rise|Dest:Rise|Dest:Fall|Dest:Fall|
---------------+---------+---------+---------+---------+
PAUSE_BUT      |    0.920|         |         |         |
PAUSE_BUT_SAFE |    0.920|         |         |         |
---------------+---------+---------+---------+---------+


Analysis completed Wed Dec 16 00:26:42 2020 
--------------------------------------------------------------------------------

Trace Settings:
-------------------------
Trace Settings 

Peak Memory Usage: 4571 MB



